0 info it worked if it ends with ok
1 verbose cli [ 'node', '/opt/local/bin/npm', 'publish' ]
2 info using npm@1.4.6
3 info using node@v0.10.26
4 verbose publish [ '.' ]
5 verbose cache add [ '.', null ]
6 verbose cache add name=undefined spec="." args=[".",null]
7 verbose parsed url { protocol: null,
7 verbose parsed url   slashes: null,
7 verbose parsed url   auth: null,
7 verbose parsed url   host: null,
7 verbose parsed url   port: null,
7 verbose parsed url   hostname: null,
7 verbose parsed url   hash: null,
7 verbose parsed url   search: null,
7 verbose parsed url   query: null,
7 verbose parsed url   pathname: '.',
7 verbose parsed url   path: '.',
7 verbose parsed url   href: '.' }
8 silly lockFile 3a52ce78- .
9 verbose lock . /Users/fdhuang/.npm/3a52ce78-.lock
10 verbose tar pack [ '/var/folders/_j/ws3bhzh50kq3p1c1fsfjj6nw0000gn/T/npm-30032-rLBatCYa/1396773156708-0.7098703547380865/tmp.tgz',
10 verbose tar pack   '.' ]
11 verbose tarball /var/folders/_j/ws3bhzh50kq3p1c1fsfjj6nw0000gn/T/npm-30032-rLBatCYa/1396773156708-0.7098703547380865/tmp.tgz
12 verbose folder .
13 info prepublish lumia@0.1.2
14 silly lockFile 1f1177db-tar tar://.
15 verbose lock tar://. /Users/fdhuang/.npm/1f1177db-tar.lock
16 silly lockFile a8e5d495-56708-0-7098703547380865-tmp-tgz tar:///var/folders/_j/ws3bhzh50kq3p1c1fsfjj6nw0000gn/T/npm-30032-rLBatCYa/1396773156708-0.7098703547380865/tmp.tgz
17 verbose lock tar:///var/folders/_j/ws3bhzh50kq3p1c1fsfjj6nw0000gn/T/npm-30032-rLBatCYa/1396773156708-0.7098703547380865/tmp.tgz /Users/fdhuang/.npm/a8e5d495-56708-0-7098703547380865-tmp-tgz.lock
18 silly lockFile 1f1177db-tar tar://.
19 silly lockFile 1f1177db-tar tar://.
20 silly lockFile a8e5d495-56708-0-7098703547380865-tmp-tgz tar:///var/folders/_j/ws3bhzh50kq3p1c1fsfjj6nw0000gn/T/npm-30032-rLBatCYa/1396773156708-0.7098703547380865/tmp.tgz
21 silly lockFile a8e5d495-56708-0-7098703547380865-tmp-tgz tar:///var/folders/_j/ws3bhzh50kq3p1c1fsfjj6nw0000gn/T/npm-30032-rLBatCYa/1396773156708-0.7098703547380865/tmp.tgz
22 verbose tar unpack /var/folders/_j/ws3bhzh50kq3p1c1fsfjj6nw0000gn/T/npm-30032-rLBatCYa/1396773156708-0.7098703547380865/tmp.tgz
23 silly lockFile 332c4983-56708-0-7098703547380865-package tar:///var/folders/_j/ws3bhzh50kq3p1c1fsfjj6nw0000gn/T/npm-30032-rLBatCYa/1396773156708-0.7098703547380865/package
24 verbose lock tar:///var/folders/_j/ws3bhzh50kq3p1c1fsfjj6nw0000gn/T/npm-30032-rLBatCYa/1396773156708-0.7098703547380865/package /Users/fdhuang/.npm/332c4983-56708-0-7098703547380865-package.lock
25 silly lockFile a8e5d495-56708-0-7098703547380865-tmp-tgz tar:///var/folders/_j/ws3bhzh50kq3p1c1fsfjj6nw0000gn/T/npm-30032-rLBatCYa/1396773156708-0.7098703547380865/tmp.tgz
26 verbose lock tar:///var/folders/_j/ws3bhzh50kq3p1c1fsfjj6nw0000gn/T/npm-30032-rLBatCYa/1396773156708-0.7098703547380865/tmp.tgz /Users/fdhuang/.npm/a8e5d495-56708-0-7098703547380865-tmp-tgz.lock
27 silly gunzTarPerm modes [ '755', '644' ]
28 silly gunzTarPerm extractEntry package.json
29 silly gunzTarPerm extractEntry README.md
30 silly gunzTarPerm extractEntry allmodes.js
31 silly gunzTarPerm extractEntry editor.js
32 silly gunzTarPerm extractEntry coffee/app.coffee
33 silly gunzTarPerm extractEntry app.nw
34 silly gunzTarPerm extractEntry assets/normalize.css
35 silly gunzTarPerm extractEntry assets/octicons.woff
36 silly gunzTarPerm extractEntry assets/style.css
37 silly gunzTarPerm extractEntry assets/styles.css
38 silly gunzTarPerm extractEntry cm/package.json
39 silly gunzTarPerm extractEntry cm/.npmignore
40 silly gunzTarPerm extractEntry cm/README.md
41 silly gunzTarPerm extractEntry cm/LICENSE
42 silly gunzTarPerm extractEntry cm/bower.json
43 silly gunzTarPerm extractEntry cm/.gitattributes
44 silly gunzTarPerm extractEntry cm/.travis.yml
45 silly gunzTarPerm extractEntry cm/addon/merge/merge.js
46 silly gunzTarPerm extractEntry cm/addon/merge/dep/diff_match_patch.js
47 silly gunzTarPerm extractEntry cm/addon/merge/merge.css
48 silly gunzTarPerm extractEntry cm/addon/comment/comment.js
49 silly gunzTarPerm extractEntry cm/addon/comment/continuecomment.js
50 silly gunzTarPerm extractEntry cm/addon/display/fullscreen.js
51 silly gunzTarPerm extractEntry cm/addon/display/placeholder.js
52 silly gunzTarPerm extractEntry cm/addon/display/rulers.js
53 silly gunzTarPerm extractEntry cm/addon/display/fullscreen.css
54 silly gunzTarPerm extractEntry cm/addon/edit/closebrackets.js
55 silly gunzTarPerm extractEntry cm/addon/edit/closetag.js
56 silly gunzTarPerm extractEntry cm/addon/edit/continuelist.js
57 silly gunzTarPerm extractEntry cm/addon/edit/matchbrackets.js
58 silly gunzTarPerm extractEntry cm/addon/edit/matchtags.js
59 silly gunzTarPerm extractEntry cm/addon/edit/trailingspace.js
60 silly gunzTarPerm extractEntry cm/addon/fold/brace-fold.js
61 silly gunzTarPerm extractEntry cm/addon/fold/comment-fold.js
62 silly gunzTarPerm extractEntry cm/addon/fold/foldcode.js
63 silly gunzTarPerm extractEntry cm/addon/fold/foldgutter.js
64 silly gunzTarPerm extractEntry cm/addon/fold/indent-fold.js
65 silly gunzTarPerm extractEntry cm/addon/fold/markdown-fold.js
66 silly gunzTarPerm extractEntry cm/addon/fold/xml-fold.js
67 silly gunzTarPerm extractEntry cm/addon/fold/foldgutter.css
68 silly gunzTarPerm extractEntry cm/addon/hint/anyword-hint.js
69 silly gunzTarPerm extractEntry cm/addon/hint/css-hint.js
70 silly gunzTarPerm extractEntry cm/addon/hint/html-hint.js
71 silly gunzTarPerm extractEntry cm/addon/hint/javascript-hint.js
72 silly gunzTarPerm extractEntry cm/addon/hint/python-hint.js
73 silly gunzTarPerm extractEntry cm/addon/hint/show-hint.js
74 silly gunzTarPerm extractEntry cm/addon/hint/sql-hint.js
75 silly gunzTarPerm extractEntry cm/addon/hint/xml-hint.js
76 silly gunzTarPerm extractEntry cm/addon/hint/show-hint.css
77 silly gunzTarPerm extractEntry cm/addon/lint/coffeescript-lint.js
78 silly gunzTarPerm extractEntry cm/addon/lint/css-lint.js
79 silly gunzTarPerm extractEntry cm/addon/lint/javascript-lint.js
80 silly gunzTarPerm extractEntry cm/addon/lint/json-lint.js
81 silly gunzTarPerm extractEntry cm/addon/lint/lint.js
82 silly gunzTarPerm extractEntry cm/addon/lint/yaml-lint.js
83 silly gunzTarPerm extractEntry cm/addon/lint/lint.css
84 silly gunzTarPerm extractEntry cm/addon/dialog/dialog.js
85 silly gunzTarPerm extractEntry cm/addon/dialog/dialog.css
86 silly gunzTarPerm extractEntry cm/addon/mode/loadmode.js
87 silly gunzTarPerm extractEntry cm/addon/mode/multiplex.js
88 silly gunzTarPerm extractEntry cm/addon/mode/multiplex_test.js
89 silly gunzTarPerm extractEntry cm/addon/mode/overlay.js
90 silly gunzTarPerm extractEntry cm/addon/runmode/colorize.js
91 silly gunzTarPerm extractEntry cm/addon/runmode/runmode-standalone.js
92 silly gunzTarPerm extractEntry cm/addon/runmode/runmode.js
93 silly gunzTarPerm extractEntry cm/addon/runmode/runmode.node.js
94 silly gunzTarPerm extractEntry cm/addon/scroll/scrollpastend.js
95 silly gunzTarPerm extractEntry cm/addon/search/match-highlighter.js
96 silly gunzTarPerm extractEntry cm/addon/search/search.js
97 silly gunzTarPerm extractEntry cm/addon/search/searchcursor.js
98 silly gunzTarPerm extractEntry cm/addon/selection/active-line.js
99 silly gunzTarPerm extractEntry cm/addon/selection/mark-selection.js
100 silly gunzTarPerm extractEntry cm/addon/tern/tern.js
101 silly gunzTarPerm extractEntry cm/addon/tern/worker.js
102 silly gunzTarPerm extractEntry cm/addon/tern/tern.css
103 silly gunzTarPerm extractEntry cm/addon/wrap/hardwrap.js
104 silly gunzTarPerm extractEntry cm/bin/authors.sh
105 silly gunzTarPerm extractEntry cm/bin/compress
106 silly gunzTarPerm extractEntry cm/bin/lint
107 silly gunzTarPerm extractEntry cm/bin/release
108 silly gunzTarPerm extractEntry cm/bin/source-highlight
109 silly gunzTarPerm extractEntry cm/AUTHORS
110 silly gunzTarPerm extractEntry cm/demo/matchtags.html
111 silly gunzTarPerm extractEntry cm/demo/activeline.html
112 silly gunzTarPerm extractEntry cm/demo/bidi.html
113 silly gunzTarPerm extractEntry cm/demo/btree.html
114 silly gunzTarPerm extractEntry cm/demo/buffers.html
115 silly gunzTarPerm extractEntry cm/demo/changemode.html
116 silly gunzTarPerm extractEntry cm/demo/closebrackets.html
117 silly gunzTarPerm extractEntry cm/demo/closetag.html
118 silly gunzTarPerm extractEntry cm/demo/complete.html
119 silly gunzTarPerm extractEntry cm/demo/emacs.html
120 silly gunzTarPerm extractEntry cm/demo/folding.html
121 silly gunzTarPerm extractEntry cm/demo/fullscreen.html
122 silly gunzTarPerm extractEntry cm/demo/hardwrap.html
123 silly gunzTarPerm extractEntry cm/demo/html5complete.html
124 silly gunzTarPerm extractEntry cm/demo/indentwrap.html
125 silly gunzTarPerm extractEntry cm/demo/lint.html
126 silly gunzTarPerm extractEntry cm/demo/loadmode.html
127 silly gunzTarPerm extractEntry cm/demo/marker.html
128 silly gunzTarPerm extractEntry cm/demo/markselection.html
129 silly gunzTarPerm extractEntry cm/demo/matchhighlighter.html
130 silly gunzTarPerm extractEntry cm/demo/anywordhint.html
131 silly gunzTarPerm extractEntry cm/demo/merge.html
132 silly gunzTarPerm extractEntry cm/demo/multiplex.html
133 silly gunzTarPerm extractEntry cm/demo/mustache.html
134 silly gunzTarPerm extractEntry cm/demo/placeholder.html
135 silly gunzTarPerm extractEntry cm/demo/preview.html
136 silly gunzTarPerm extractEntry cm/demo/resize.html
137 silly gunzTarPerm extractEntry cm/demo/rulers.html
138 silly gunzTarPerm extractEntry cm/demo/runmode.html
139 silly gunzTarPerm extractEntry cm/demo/search.html
140 silly gunzTarPerm extractEntry cm/demo/spanaffectswrapping_shim.html
141 silly gunzTarPerm extractEntry cm/demo/sublime.html
142 silly gunzTarPerm extractEntry cm/demo/tern.html
143 silly gunzTarPerm extractEntry cm/demo/theme.html
144 silly gunzTarPerm extractEntry cm/demo/trailingspace.html
145 silly gunzTarPerm extractEntry cm/demo/variableheight.html
146 silly gunzTarPerm extractEntry cm/demo/vim.html
147 silly gunzTarPerm extractEntry cm/demo/visibletabs.html
148 silly gunzTarPerm extractEntry cm/demo/widget.html
149 silly gunzTarPerm extractEntry cm/demo/xmlcomplete.html
150 silly gunzTarPerm extractEntry cm/doc/activebookmark.js
151 silly gunzTarPerm extractEntry cm/doc/upgrade_v4.html
152 silly gunzTarPerm extractEntry cm/doc/docs.css
153 silly gunzTarPerm extractEntry cm/doc/internals.html
154 silly gunzTarPerm extractEntry cm/doc/logo.png
155 silly gunzTarPerm extractEntry cm/doc/logo.svg
156 silly gunzTarPerm extractEntry cm/doc/compress.html
157 silly gunzTarPerm extractEntry cm/doc/realworld.html
158 silly gunzTarPerm extractEntry cm/doc/releases.html
159 silly gunzTarPerm extractEntry cm/doc/reporting.html
160 silly gunzTarPerm extractEntry cm/doc/upgrade_v2.2.html
161 silly gunzTarPerm extractEntry cm/doc/upgrade_v3.html
162 silly gunzTarPerm extractEntry cm/doc/manual.html
163 silly gunzTarPerm extractEntry cm/index.html
164 silly gunzTarPerm extractEntry cm/keymap/emacs.js
165 silly gunzTarPerm extractEntry cm/keymap/sublime.js
166 silly gunzTarPerm extractEntry cm/keymap/vim.js
167 silly gunzTarPerm extractEntry cm/lib/codemirror.js
168 silly gunzTarPerm extractEntry cm/lib/codemirror.css
169 silly gunzTarPerm extractEntry cm/mode/meta.js
170 silly gunzTarPerm extractEntry cm/mode/octave/octave.js
171 silly gunzTarPerm extractEntry cm/mode/octave/index.html
172 silly gunzTarPerm extractEntry cm/mode/clike/clike.js
173 silly gunzTarPerm extractEntry cm/mode/clike/index.html
174 silly gunzTarPerm extractEntry cm/mode/clike/scala.html
175 silly gunzTarPerm extractEntry cm/mode/clojure/clojure.js
176 silly gunzTarPerm extractEntry cm/mode/clojure/index.html
177 silly gunzTarPerm extractEntry cm/mode/cobol/cobol.js
178 silly gunzTarPerm extractEntry cm/mode/cobol/index.html
179 silly gunzTarPerm extractEntry cm/mode/coffeescript/coffeescript.js
180 silly gunzTarPerm extractEntry cm/mode/coffeescript/index.html
181 silly gunzTarPerm extractEntry cm/mode/commonlisp/commonlisp.js
182 silly gunzTarPerm extractEntry cm/mode/commonlisp/index.html
183 silly gunzTarPerm extractEntry cm/mode/css/css.js
184 silly gunzTarPerm extractEntry cm/mode/css/less_test.js
185 silly gunzTarPerm extractEntry cm/mode/css/scss_test.js
186 silly gunzTarPerm extractEntry cm/mode/css/test.js
187 silly gunzTarPerm extractEntry cm/mode/css/index.html
188 silly gunzTarPerm extractEntry cm/mode/css/less.html
189 silly gunzTarPerm extractEntry cm/mode/css/scss.html
190 silly gunzTarPerm extractEntry cm/mode/d/d.js
191 silly gunzTarPerm extractEntry cm/mode/d/index.html
192 silly gunzTarPerm extractEntry cm/mode/diff/diff.js
193 silly gunzTarPerm extractEntry cm/mode/diff/index.html
194 silly gunzTarPerm extractEntry cm/mode/dtd/dtd.js
195 silly gunzTarPerm extractEntry cm/mode/dtd/index.html
196 silly gunzTarPerm extractEntry cm/mode/ecl/ecl.js
197 silly gunzTarPerm extractEntry cm/mode/ecl/index.html
198 silly gunzTarPerm extractEntry cm/mode/eiffel/eiffel.js
199 silly gunzTarPerm extractEntry cm/mode/eiffel/index.html
200 silly gunzTarPerm extractEntry cm/mode/erlang/erlang.js
201 silly gunzTarPerm extractEntry cm/mode/erlang/index.html
202 silly gunzTarPerm extractEntry cm/mode/fortran/fortran.js
203 silly gunzTarPerm extractEntry cm/mode/fortran/index.html
204 silly gunzTarPerm extractEntry cm/mode/gas/gas.js
205 silly gunzTarPerm extractEntry cm/mode/gas/index.html
206 silly gunzTarPerm extractEntry cm/mode/gfm/gfm.js
207 silly gunzTarPerm extractEntry cm/mode/gfm/test.js
208 silly gunzTarPerm extractEntry cm/mode/gfm/index.html
209 silly gunzTarPerm extractEntry cm/mode/gherkin/gherkin.js
210 silly gunzTarPerm extractEntry cm/mode/gherkin/index.html
211 silly gunzTarPerm extractEntry cm/mode/go/go.js
212 silly gunzTarPerm extractEntry cm/mode/go/index.html
213 silly gunzTarPerm extractEntry cm/mode/groovy/groovy.js
214 silly gunzTarPerm extractEntry cm/mode/groovy/index.html
215 silly gunzTarPerm extractEntry cm/mode/haml/haml.js
216 silly gunzTarPerm extractEntry cm/mode/haml/test.js
217 silly gunzTarPerm extractEntry cm/mode/haml/index.html
218 silly gunzTarPerm extractEntry cm/mode/haskell/haskell.js
219 silly gunzTarPerm extractEntry cm/mode/haskell/index.html
220 silly gunzTarPerm extractEntry cm/mode/haxe/haxe.js
221 silly gunzTarPerm extractEntry cm/mode/haxe/index.html
222 silly gunzTarPerm extractEntry cm/mode/htmlembedded/htmlembedded.js
223 silly gunzTarPerm extractEntry cm/mode/htmlembedded/index.html
224 silly gunzTarPerm extractEntry cm/mode/htmlmixed/htmlmixed.js
225 silly gunzTarPerm extractEntry cm/mode/htmlmixed/index.html
226 silly gunzTarPerm extractEntry cm/mode/http/http.js
227 silly gunzTarPerm extractEntry cm/mode/http/index.html
228 silly gunzTarPerm extractEntry cm/mode/index.html
229 silly gunzTarPerm extractEntry cm/mode/jade/jade.js
230 silly gunzTarPerm extractEntry cm/mode/jade/index.html
231 silly gunzTarPerm extractEntry cm/mode/javascript/javascript.js
232 silly gunzTarPerm extractEntry cm/mode/javascript/test.js
233 silly gunzTarPerm extractEntry cm/mode/javascript/index.html
234 silly gunzTarPerm extractEntry cm/mode/javascript/json-ld.html
235 silly gunzTarPerm extractEntry cm/mode/javascript/typescript.html
236 silly gunzTarPerm extractEntry cm/mode/jinja2/jinja2.js
237 silly gunzTarPerm extractEntry cm/mode/jinja2/index.html
238 silly gunzTarPerm extractEntry cm/mode/julia/julia.js
239 silly gunzTarPerm extractEntry cm/mode/julia/index.html
240 silly gunzTarPerm extractEntry cm/mode/livescript/livescript.js
241 silly gunzTarPerm extractEntry cm/mode/livescript/index.html
242 silly gunzTarPerm extractEntry cm/mode/livescript/livescript.ls
243 silly gunzTarPerm extractEntry cm/mode/lua/lua.js
244 silly gunzTarPerm extractEntry cm/mode/lua/index.html
245 silly gunzTarPerm extractEntry cm/mode/markdown/markdown.js
246 silly gunzTarPerm extractEntry cm/mode/markdown/test.js
247 silly gunzTarPerm extractEntry cm/mode/markdown/index.html
248 silly gunzTarPerm extractEntry cm/mode/apl/apl.js
249 silly gunzTarPerm extractEntry cm/mode/apl/index.html
250 silly gunzTarPerm extractEntry cm/mode/mirc/mirc.js
251 silly gunzTarPerm extractEntry cm/mode/mirc/index.html
252 silly gunzTarPerm extractEntry cm/mode/mllike/mllike.js
253 silly gunzTarPerm extractEntry cm/mode/mllike/index.html
254 silly gunzTarPerm extractEntry cm/mode/nginx/nginx.js
255 silly gunzTarPerm extractEntry cm/mode/nginx/index.html
256 silly gunzTarPerm extractEntry cm/mode/ntriples/ntriples.js
257 silly gunzTarPerm extractEntry cm/mode/ntriples/index.html
258 silly gunzTarPerm extractEntry cm/mode/asterisk/asterisk.js
259 silly gunzTarPerm extractEntry cm/mode/asterisk/index.html
260 silly gunzTarPerm extractEntry cm/mode/pascal/pascal.js
261 silly gunzTarPerm extractEntry cm/mode/pascal/index.html
262 silly gunzTarPerm extractEntry cm/mode/pegjs/pegjs.js
263 silly gunzTarPerm extractEntry cm/mode/pegjs/index.html
264 silly gunzTarPerm extractEntry cm/mode/perl/perl.js
265 silly gunzTarPerm extractEntry cm/mode/perl/index.html
266 silly gunzTarPerm extractEntry cm/mode/php/php.js
267 silly gunzTarPerm extractEntry cm/mode/php/index.html
268 silly gunzTarPerm extractEntry cm/mode/pig/pig.js
269 silly gunzTarPerm extractEntry cm/mode/pig/index.html
270 silly gunzTarPerm extractEntry cm/mode/properties/properties.js
271 silly gunzTarPerm extractEntry cm/mode/properties/index.html
272 silly gunzTarPerm extractEntry cm/mode/puppet/puppet.js
273 silly gunzTarPerm extractEntry cm/mode/puppet/index.html
274 silly gunzTarPerm extractEntry cm/mode/python/python.js
275 silly gunzTarPerm extractEntry cm/mode/python/index.html
276 silly gunzTarPerm extractEntry cm/mode/q/q.js
277 silly gunzTarPerm extractEntry cm/mode/q/index.html
278 silly gunzTarPerm extractEntry cm/mode/r/r.js
279 silly gunzTarPerm extractEntry cm/mode/r/index.html
280 silly gunzTarPerm extractEntry cm/mode/rpm/rpm.js
281 silly gunzTarPerm extractEntry cm/mode/rpm/changes/index.html
282 silly gunzTarPerm extractEntry cm/mode/rpm/index.html
283 silly gunzTarPerm extractEntry cm/mode/rst/rst.js
284 silly gunzTarPerm extractEntry cm/mode/rst/index.html
285 silly gunzTarPerm extractEntry cm/mode/ruby/ruby.js
286 silly gunzTarPerm extractEntry cm/mode/ruby/test.js
287 silly gunzTarPerm extractEntry cm/mode/ruby/index.html
288 silly gunzTarPerm extractEntry cm/mode/rust/rust.js
289 silly gunzTarPerm extractEntry cm/mode/rust/index.html
290 silly gunzTarPerm extractEntry cm/mode/sass/sass.js
291 silly gunzTarPerm extractEntry cm/mode/sass/index.html
292 silly gunzTarPerm extractEntry cm/mode/scheme/scheme.js
293 silly gunzTarPerm extractEntry cm/mode/scheme/index.html
294 silly gunzTarPerm extractEntry cm/mode/shell/shell.js
295 silly gunzTarPerm extractEntry cm/mode/shell/index.html
296 silly gunzTarPerm extractEntry cm/mode/sieve/sieve.js
297 silly gunzTarPerm extractEntry cm/mode/sieve/index.html
298 silly gunzTarPerm extractEntry cm/mode/smalltalk/smalltalk.js
299 silly gunzTarPerm extractEntry cm/mode/smalltalk/index.html
300 silly gunzTarPerm extractEntry cm/mode/smarty/smarty.js
301 silly gunzTarPerm extractEntry cm/mode/smarty/index.html
302 silly gunzTarPerm extractEntry cm/mode/smartymixed/smartymixed.js
303 silly gunzTarPerm extractEntry cm/mode/smartymixed/index.html
304 silly gunzTarPerm extractEntry cm/mode/solr/solr.js
305 silly gunzTarPerm extractEntry cm/mode/solr/index.html
306 silly gunzTarPerm extractEntry cm/mode/sparql/sparql.js
307 silly gunzTarPerm extractEntry cm/mode/sparql/index.html
308 silly gunzTarPerm extractEntry cm/mode/sql/sql.js
309 silly gunzTarPerm extractEntry cm/mode/sql/index.html
310 silly gunzTarPerm extractEntry cm/mode/stex/stex.js
311 silly gunzTarPerm extractEntry cm/mode/stex/test.js
312 silly gunzTarPerm extractEntry cm/mode/stex/index.html
313 silly gunzTarPerm extractEntry cm/mode/tcl/tcl.js
314 silly gunzTarPerm extractEntry cm/mode/tcl/index.html
315 silly gunzTarPerm extractEntry cm/mode/tiddlywiki/tiddlywiki.js
316 silly gunzTarPerm extractEntry cm/mode/tiddlywiki/index.html
317 silly gunzTarPerm extractEntry cm/mode/tiddlywiki/tiddlywiki.css
318 silly gunzTarPerm extractEntry cm/mode/tiki/tiki.js
319 silly gunzTarPerm extractEntry cm/mode/tiki/index.html
320 silly gunzTarPerm extractEntry cm/mode/tiki/tiki.css
321 silly gunzTarPerm extractEntry cm/mode/toml/toml.js
322 silly gunzTarPerm extractEntry cm/mode/toml/index.html
323 silly gunzTarPerm extractEntry cm/mode/turtle/turtle.js
324 silly gunzTarPerm extractEntry cm/mode/turtle/index.html
325 silly gunzTarPerm extractEntry cm/mode/vb/vb.js
326 silly gunzTarPerm extractEntry cm/mode/vb/index.html
327 silly gunzTarPerm extractEntry cm/mode/vbscript/vbscript.js
328 silly gunzTarPerm extractEntry cm/mode/vbscript/index.html
329 silly gunzTarPerm extractEntry cm/mode/velocity/velocity.js
330 silly gunzTarPerm extractEntry cm/mode/velocity/index.html
331 silly gunzTarPerm extractEntry cm/mode/verilog/verilog.js
332 silly gunzTarPerm extractEntry cm/mode/verilog/index.html
333 silly gunzTarPerm extractEntry cm/mode/xml/xml.js
334 silly gunzTarPerm extractEntry cm/mode/xml/index.html
335 silly gunzTarPerm extractEntry cm/mode/xquery/test.js
336 silly gunzTarPerm extractEntry cm/mode/xquery/xquery.js
337 silly gunzTarPerm extractEntry cm/mode/xquery/index.html
338 silly gunzTarPerm extractEntry cm/mode/yaml/yaml.js
339 silly gunzTarPerm extractEntry cm/mode/yaml/index.html
340 silly gunzTarPerm extractEntry cm/mode/z80/z80.js
341 silly gunzTarPerm extractEntry cm/mode/z80/index.html
342 silly gunzTarPerm extractEntry cm/CONTRIBUTING.md
343 silly gunzTarPerm extractEntry cm/test/comment_test.js
344 silly gunzTarPerm extractEntry cm/test/driver.js
345 silly gunzTarPerm extractEntry cm/test/emacs_test.js
346 silly gunzTarPerm extractEntry cm/test/test.js
347 silly gunzTarPerm extractEntry cm/test/sublime_test.js
348 silly gunzTarPerm extractEntry cm/test/search_test.js
349 silly gunzTarPerm extractEntry cm/test/doc_test.js
350 silly gunzTarPerm extractEntry cm/test/multi_test.js
351 silly gunzTarPerm extractEntry cm/test/phantom_driver.js
352 silly gunzTarPerm extractEntry cm/test/run.js
353 silly gunzTarPerm extractEntry cm/test/vim_test.js
354 silly gunzTarPerm extractEntry cm/test/mode_test.js
355 silly gunzTarPerm extractEntry cm/test/mode_test.css
356 silly gunzTarPerm extractEntry cm/test/lint/acorn.js
357 silly gunzTarPerm extractEntry cm/test/lint/lint.js
358 silly gunzTarPerm extractEntry cm/test/lint/walk.js
359 silly gunzTarPerm extractEntry cm/test/index.html
360 silly gunzTarPerm extractEntry cm/theme/midnight.css
361 silly gunzTarPerm extractEntry cm/theme/3024-day.css
362 silly gunzTarPerm extractEntry cm/theme/ambiance-mobile.css
363 silly gunzTarPerm extractEntry cm/theme/ambiance.css
364 silly gunzTarPerm extractEntry cm/theme/base16-dark.css
365 silly gunzTarPerm extractEntry cm/theme/base16-light.css
366 silly gunzTarPerm extractEntry cm/theme/blackboard.css
367 silly gunzTarPerm extractEntry cm/theme/cobalt.css
368 silly gunzTarPerm extractEntry cm/theme/eclipse.css
369 silly gunzTarPerm extractEntry cm/theme/elegant.css
370 silly gunzTarPerm extractEntry cm/theme/erlang-dark.css
371 silly gunzTarPerm extractEntry cm/theme/lesser-dark.css
372 silly gunzTarPerm extractEntry cm/theme/mbo.css
373 silly gunzTarPerm extractEntry cm/theme/mdn-like.css
374 silly gunzTarPerm extractEntry cm/theme/3024-night.css
375 silly gunzTarPerm extractEntry cm/theme/monokai.css
376 silly gunzTarPerm extractEntry cm/theme/neat.css
377 silly gunzTarPerm extractEntry cm/theme/night.css
378 silly gunzTarPerm extractEntry cm/theme/paraiso-dark.css
379 silly gunzTarPerm extractEntry cm/theme/paraiso-light.css
380 silly gunzTarPerm extractEntry cm/theme/pastel-on-dark.css
381 silly gunzTarPerm extractEntry cm/theme/rubyblue.css
382 silly gunzTarPerm extractEntry cm/theme/solarized.css
383 silly gunzTarPerm extractEntry cm/theme/the-matrix.css
384 silly gunzTarPerm extractEntry cm/theme/tomorrow-night-eighties.css
385 silly gunzTarPerm extractEntry cm/theme/twilight.css
386 silly gunzTarPerm extractEntry cm/theme/vibrant-ink.css
387 silly gunzTarPerm extractEntry cm/theme/xq-dark.css
388 silly gunzTarPerm extractEntry cm/theme/xq-light.css
389 silly gunzTarPerm extractEntry Gemfile.lock
390 silly gunzTarPerm extractEntry Gemfile
391 silly gunzTarPerm extractEntry fonts/glyphicons-halflings-regular.eot
392 silly gunzTarPerm extractEntry fonts/glyphicons-halflings-regular.svg
393 silly gunzTarPerm extractEntry fonts/glyphicons-halflings-regular.ttf
394 silly gunzTarPerm extractEntry fonts/glyphicons-halflings-regular.woff
395 silly gunzTarPerm extractEntry fonts/octicons.woff
396 silly gunzTarPerm extractEntry index.html
397 silly gunzTarPerm extractEntry lib/folder_view.js
398 silly gunzTarPerm extractEntry lib/jquery-2.1.0.min.js
399 silly gunzTarPerm extractEntry lib/mime.js
400 silly gunzTarPerm extractEntry lib/address_bar.js2
401 silly gunzTarPerm extractEntry Makefile
402 silly gunzTarPerm extractEntry style/style.css
403 silly gunzTarPerm extractEntry style/styles.css
404 silly lockFile 332c4983-56708-0-7098703547380865-package tar:///var/folders/_j/ws3bhzh50kq3p1c1fsfjj6nw0000gn/T/npm-30032-rLBatCYa/1396773156708-0.7098703547380865/package
405 silly lockFile 332c4983-56708-0-7098703547380865-package tar:///var/folders/_j/ws3bhzh50kq3p1c1fsfjj6nw0000gn/T/npm-30032-rLBatCYa/1396773156708-0.7098703547380865/package
406 silly lockFile a8e5d495-56708-0-7098703547380865-tmp-tgz tar:///var/folders/_j/ws3bhzh50kq3p1c1fsfjj6nw0000gn/T/npm-30032-rLBatCYa/1396773156708-0.7098703547380865/tmp.tgz
407 silly lockFile a8e5d495-56708-0-7098703547380865-tmp-tgz tar:///var/folders/_j/ws3bhzh50kq3p1c1fsfjj6nw0000gn/T/npm-30032-rLBatCYa/1396773156708-0.7098703547380865/tmp.tgz
408 verbose tar pack [ '/Users/fdhuang/.npm/lumia/0.1.2/package.tgz',
408 verbose tar pack   '/var/folders/_j/ws3bhzh50kq3p1c1fsfjj6nw0000gn/T/npm-30032-rLBatCYa/1396773156708-0.7098703547380865/package' ]
409 verbose tarball /Users/fdhuang/.npm/lumia/0.1.2/package.tgz
410 verbose folder /var/folders/_j/ws3bhzh50kq3p1c1fsfjj6nw0000gn/T/npm-30032-rLBatCYa/1396773156708-0.7098703547380865/package
411 silly lockFile 332c4983-56708-0-7098703547380865-package tar:///var/folders/_j/ws3bhzh50kq3p1c1fsfjj6nw0000gn/T/npm-30032-rLBatCYa/1396773156708-0.7098703547380865/package
412 verbose lock tar:///var/folders/_j/ws3bhzh50kq3p1c1fsfjj6nw0000gn/T/npm-30032-rLBatCYa/1396773156708-0.7098703547380865/package /Users/fdhuang/.npm/332c4983-56708-0-7098703547380865-package.lock
413 silly lockFile 9517fa8c-uang-npm-lumia-0-1-2-package-tgz tar:///Users/fdhuang/.npm/lumia/0.1.2/package.tgz
414 verbose lock tar:///Users/fdhuang/.npm/lumia/0.1.2/package.tgz /Users/fdhuang/.npm/9517fa8c-uang-npm-lumia-0-1-2-package-tgz.lock
415 silly lockFile 332c4983-56708-0-7098703547380865-package tar:///var/folders/_j/ws3bhzh50kq3p1c1fsfjj6nw0000gn/T/npm-30032-rLBatCYa/1396773156708-0.7098703547380865/package
416 silly lockFile 332c4983-56708-0-7098703547380865-package tar:///var/folders/_j/ws3bhzh50kq3p1c1fsfjj6nw0000gn/T/npm-30032-rLBatCYa/1396773156708-0.7098703547380865/package
417 silly lockFile 9517fa8c-uang-npm-lumia-0-1-2-package-tgz tar:///Users/fdhuang/.npm/lumia/0.1.2/package.tgz
418 silly lockFile 9517fa8c-uang-npm-lumia-0-1-2-package-tgz tar:///Users/fdhuang/.npm/lumia/0.1.2/package.tgz
419 silly lockFile 95fe6fd9--fdhuang-npm-lumia-0-1-2-package /Users/fdhuang/.npm/lumia/0.1.2/package
420 verbose lock /Users/fdhuang/.npm/lumia/0.1.2/package /Users/fdhuang/.npm/95fe6fd9--fdhuang-npm-lumia-0-1-2-package.lock
421 silly lockFile 95fe6fd9--fdhuang-npm-lumia-0-1-2-package /Users/fdhuang/.npm/lumia/0.1.2/package
422 silly lockFile 95fe6fd9--fdhuang-npm-lumia-0-1-2-package /Users/fdhuang/.npm/lumia/0.1.2/package
423 verbose tar unpack /Users/fdhuang/.npm/lumia/0.1.2/package.tgz
424 silly lockFile d874f84a--fdhuang-npm-lumia-0-1-2-package tar:///Users/fdhuang/.npm/lumia/0.1.2/package
425 verbose lock tar:///Users/fdhuang/.npm/lumia/0.1.2/package /Users/fdhuang/.npm/d874f84a--fdhuang-npm-lumia-0-1-2-package.lock
426 silly lockFile 9517fa8c-uang-npm-lumia-0-1-2-package-tgz tar:///Users/fdhuang/.npm/lumia/0.1.2/package.tgz
427 verbose lock tar:///Users/fdhuang/.npm/lumia/0.1.2/package.tgz /Users/fdhuang/.npm/9517fa8c-uang-npm-lumia-0-1-2-package-tgz.lock
428 silly gunzTarPerm modes [ '755', '644' ]
429 silly gunzTarPerm extractEntry package.json
430 silly gunzTarPerm extractEntry README.md
431 silly gunzTarPerm extractEntry allmodes.js
432 silly gunzTarPerm extractEntry editor.js
433 silly gunzTarPerm extractEntry cm/package.json
434 silly gunzTarPerm extractEntry cm/.npmignore
435 silly gunzTarPerm extractEntry cm/README.md
436 silly gunzTarPerm extractEntry cm/LICENSE
437 silly gunzTarPerm extractEntry cm/bower.json
438 silly gunzTarPerm extractEntry cm/.gitattributes
439 silly gunzTarPerm extractEntry cm/.travis.yml
440 silly gunzTarPerm extractEntry cm/addon/merge/merge.js
441 silly gunzTarPerm extractEntry cm/addon/merge/dep/diff_match_patch.js
442 silly gunzTarPerm extractEntry cm/addon/merge/merge.css
443 silly gunzTarPerm extractEntry cm/addon/comment/comment.js
444 silly gunzTarPerm extractEntry cm/addon/comment/continuecomment.js
445 silly gunzTarPerm extractEntry cm/addon/display/fullscreen.js
446 silly gunzTarPerm extractEntry cm/addon/display/placeholder.js
447 silly gunzTarPerm extractEntry cm/addon/display/rulers.js
448 silly gunzTarPerm extractEntry cm/addon/display/fullscreen.css
449 silly gunzTarPerm extractEntry cm/addon/edit/closebrackets.js
450 silly gunzTarPerm extractEntry cm/addon/edit/closetag.js
451 silly gunzTarPerm extractEntry cm/addon/edit/continuelist.js
452 silly gunzTarPerm extractEntry cm/addon/edit/matchbrackets.js
453 silly gunzTarPerm extractEntry cm/addon/edit/matchtags.js
454 silly gunzTarPerm extractEntry cm/addon/edit/trailingspace.js
455 silly gunzTarPerm extractEntry cm/addon/fold/brace-fold.js
456 silly gunzTarPerm extractEntry cm/addon/fold/comment-fold.js
457 silly gunzTarPerm extractEntry cm/addon/fold/foldcode.js
458 silly gunzTarPerm extractEntry cm/addon/fold/foldgutter.js
459 silly gunzTarPerm extractEntry cm/addon/fold/indent-fold.js
460 silly gunzTarPerm extractEntry cm/addon/fold/markdown-fold.js
461 silly gunzTarPerm extractEntry cm/addon/fold/xml-fold.js
462 silly gunzTarPerm extractEntry cm/addon/fold/foldgutter.css
463 silly gunzTarPerm extractEntry cm/addon/hint/anyword-hint.js
464 silly gunzTarPerm extractEntry cm/addon/hint/css-hint.js
465 silly gunzTarPerm extractEntry cm/addon/hint/html-hint.js
466 silly gunzTarPerm extractEntry cm/addon/hint/javascript-hint.js
467 silly gunzTarPerm extractEntry cm/addon/hint/python-hint.js
468 silly gunzTarPerm extractEntry cm/addon/hint/show-hint.js
469 silly gunzTarPerm extractEntry cm/addon/hint/sql-hint.js
470 silly gunzTarPerm extractEntry cm/addon/hint/xml-hint.js
471 silly gunzTarPerm extractEntry cm/addon/hint/show-hint.css
472 silly gunzTarPerm extractEntry cm/addon/lint/coffeescript-lint.js
473 silly gunzTarPerm extractEntry cm/addon/lint/css-lint.js
474 silly gunzTarPerm extractEntry cm/addon/lint/javascript-lint.js
475 silly gunzTarPerm extractEntry cm/addon/lint/json-lint.js
476 silly gunzTarPerm extractEntry cm/addon/lint/lint.js
477 silly gunzTarPerm extractEntry cm/addon/lint/yaml-lint.js
478 silly gunzTarPerm extractEntry cm/addon/lint/lint.css
479 silly gunzTarPerm extractEntry cm/addon/dialog/dialog.js
480 silly gunzTarPerm extractEntry cm/addon/dialog/dialog.css
481 silly gunzTarPerm extractEntry cm/addon/mode/loadmode.js
482 silly gunzTarPerm extractEntry cm/addon/mode/multiplex.js
483 silly gunzTarPerm extractEntry cm/addon/mode/multiplex_test.js
484 silly gunzTarPerm extractEntry cm/addon/mode/overlay.js
485 silly gunzTarPerm extractEntry cm/addon/runmode/colorize.js
486 silly gunzTarPerm extractEntry cm/addon/runmode/runmode-standalone.js
487 silly gunzTarPerm extractEntry cm/addon/runmode/runmode.js
488 silly gunzTarPerm extractEntry cm/addon/runmode/runmode.node.js
489 silly gunzTarPerm extractEntry cm/addon/scroll/scrollpastend.js
490 silly gunzTarPerm extractEntry cm/addon/search/match-highlighter.js
491 silly gunzTarPerm extractEntry cm/addon/search/search.js
492 silly gunzTarPerm extractEntry cm/addon/search/searchcursor.js
493 silly gunzTarPerm extractEntry cm/addon/selection/active-line.js
494 silly gunzTarPerm extractEntry cm/addon/selection/mark-selection.js
495 silly gunzTarPerm extractEntry cm/addon/tern/tern.js
496 silly gunzTarPerm extractEntry cm/addon/tern/worker.js
497 silly gunzTarPerm extractEntry cm/addon/tern/tern.css
498 silly gunzTarPerm extractEntry cm/addon/wrap/hardwrap.js
499 silly gunzTarPerm extractEntry cm/bin/authors.sh
500 silly gunzTarPerm extractEntry cm/bin/compress
501 silly gunzTarPerm extractEntry cm/bin/lint
502 silly gunzTarPerm extractEntry cm/bin/release
503 silly gunzTarPerm extractEntry cm/bin/source-highlight
504 silly gunzTarPerm extractEntry cm/AUTHORS
505 silly gunzTarPerm extractEntry cm/demo/matchtags.html
506 silly gunzTarPerm extractEntry cm/demo/activeline.html
507 silly gunzTarPerm extractEntry cm/demo/bidi.html
508 silly gunzTarPerm extractEntry cm/demo/btree.html
509 silly gunzTarPerm extractEntry cm/demo/buffers.html
510 silly gunzTarPerm extractEntry cm/demo/changemode.html
511 silly gunzTarPerm extractEntry cm/demo/closebrackets.html
512 silly gunzTarPerm extractEntry cm/demo/closetag.html
513 silly gunzTarPerm extractEntry cm/demo/complete.html
514 silly gunzTarPerm extractEntry cm/demo/emacs.html
515 silly gunzTarPerm extractEntry cm/demo/folding.html
516 silly gunzTarPerm extractEntry cm/demo/fullscreen.html
517 silly gunzTarPerm extractEntry cm/demo/hardwrap.html
518 silly gunzTarPerm extractEntry cm/demo/html5complete.html
519 silly gunzTarPerm extractEntry cm/demo/indentwrap.html
520 silly gunzTarPerm extractEntry cm/demo/lint.html
521 silly gunzTarPerm extractEntry cm/demo/loadmode.html
522 silly gunzTarPerm extractEntry cm/demo/marker.html
523 silly gunzTarPerm extractEntry cm/demo/markselection.html
524 silly gunzTarPerm extractEntry cm/demo/matchhighlighter.html
525 silly gunzTarPerm extractEntry cm/demo/anywordhint.html
526 silly gunzTarPerm extractEntry cm/demo/merge.html
527 silly gunzTarPerm extractEntry cm/demo/multiplex.html
528 silly gunzTarPerm extractEntry cm/demo/mustache.html
529 silly gunzTarPerm extractEntry cm/demo/placeholder.html
530 silly gunzTarPerm extractEntry cm/demo/preview.html
531 silly gunzTarPerm extractEntry cm/demo/resize.html
532 silly gunzTarPerm extractEntry cm/demo/rulers.html
533 silly gunzTarPerm extractEntry cm/demo/runmode.html
534 silly gunzTarPerm extractEntry cm/demo/search.html
535 silly gunzTarPerm extractEntry cm/demo/spanaffectswrapping_shim.html
536 silly gunzTarPerm extractEntry cm/demo/sublime.html
537 silly gunzTarPerm extractEntry cm/demo/tern.html
538 silly gunzTarPerm extractEntry cm/demo/theme.html
539 silly gunzTarPerm extractEntry cm/demo/trailingspace.html
540 silly gunzTarPerm extractEntry cm/demo/variableheight.html
541 silly gunzTarPerm extractEntry cm/demo/vim.html
542 silly gunzTarPerm extractEntry cm/demo/visibletabs.html
543 silly gunzTarPerm extractEntry cm/demo/widget.html
544 silly gunzTarPerm extractEntry cm/demo/xmlcomplete.html
545 silly gunzTarPerm extractEntry cm/doc/activebookmark.js
546 silly gunzTarPerm extractEntry cm/doc/upgrade_v4.html
547 silly gunzTarPerm extractEntry cm/doc/docs.css
548 silly gunzTarPerm extractEntry cm/doc/internals.html
549 silly gunzTarPerm extractEntry cm/doc/logo.png
550 silly gunzTarPerm extractEntry cm/doc/logo.svg
551 silly gunzTarPerm extractEntry cm/doc/compress.html
552 silly gunzTarPerm extractEntry cm/doc/realworld.html
553 silly gunzTarPerm extractEntry cm/doc/releases.html
554 silly gunzTarPerm extractEntry cm/doc/reporting.html
555 silly gunzTarPerm extractEntry cm/doc/upgrade_v2.2.html
556 silly gunzTarPerm extractEntry cm/doc/upgrade_v3.html
557 silly gunzTarPerm extractEntry cm/doc/manual.html
558 silly gunzTarPerm extractEntry cm/index.html
559 silly gunzTarPerm extractEntry cm/keymap/emacs.js
560 silly gunzTarPerm extractEntry cm/keymap/sublime.js
561 silly gunzTarPerm extractEntry cm/keymap/vim.js
562 silly gunzTarPerm extractEntry cm/lib/codemirror.js
563 silly gunzTarPerm extractEntry cm/lib/codemirror.css
564 silly gunzTarPerm extractEntry cm/mode/meta.js
565 silly gunzTarPerm extractEntry cm/mode/octave/octave.js
566 silly gunzTarPerm extractEntry cm/mode/octave/index.html
567 silly gunzTarPerm extractEntry cm/mode/clike/clike.js
568 silly gunzTarPerm extractEntry cm/mode/clike/index.html
569 silly gunzTarPerm extractEntry cm/mode/clike/scala.html
570 silly gunzTarPerm extractEntry cm/mode/clojure/clojure.js
571 silly gunzTarPerm extractEntry cm/mode/clojure/index.html
572 silly gunzTarPerm extractEntry cm/mode/cobol/cobol.js
573 silly gunzTarPerm extractEntry cm/mode/cobol/index.html
574 silly gunzTarPerm extractEntry cm/mode/coffeescript/coffeescript.js
575 silly gunzTarPerm extractEntry cm/mode/coffeescript/index.html
576 silly gunzTarPerm extractEntry cm/mode/commonlisp/commonlisp.js
577 silly gunzTarPerm extractEntry cm/mode/commonlisp/index.html
578 silly gunzTarPerm extractEntry cm/mode/css/css.js
579 silly gunzTarPerm extractEntry cm/mode/css/less_test.js
580 silly gunzTarPerm extractEntry cm/mode/css/scss_test.js
581 silly gunzTarPerm extractEntry cm/mode/css/test.js
582 silly gunzTarPerm extractEntry cm/mode/css/index.html
583 silly gunzTarPerm extractEntry cm/mode/css/less.html
584 silly gunzTarPerm extractEntry cm/mode/css/scss.html
585 silly gunzTarPerm extractEntry cm/mode/d/d.js
586 silly gunzTarPerm extractEntry cm/mode/d/index.html
587 silly gunzTarPerm extractEntry cm/mode/diff/diff.js
588 silly gunzTarPerm extractEntry cm/mode/diff/index.html
589 silly gunzTarPerm extractEntry cm/mode/dtd/dtd.js
590 silly gunzTarPerm extractEntry cm/mode/dtd/index.html
591 silly gunzTarPerm extractEntry cm/mode/ecl/ecl.js
592 silly gunzTarPerm extractEntry cm/mode/ecl/index.html
593 silly gunzTarPerm extractEntry cm/mode/eiffel/eiffel.js
594 silly gunzTarPerm extractEntry cm/mode/eiffel/index.html
595 silly gunzTarPerm extractEntry cm/mode/erlang/erlang.js
596 silly gunzTarPerm extractEntry cm/mode/erlang/index.html
597 silly gunzTarPerm extractEntry cm/mode/fortran/fortran.js
598 silly gunzTarPerm extractEntry cm/mode/fortran/index.html
599 silly gunzTarPerm extractEntry cm/mode/gas/gas.js
600 silly gunzTarPerm extractEntry cm/mode/gas/index.html
601 silly gunzTarPerm extractEntry cm/mode/gfm/gfm.js
602 silly gunzTarPerm extractEntry cm/mode/gfm/test.js
603 silly gunzTarPerm extractEntry cm/mode/gfm/index.html
604 silly gunzTarPerm extractEntry cm/mode/gherkin/gherkin.js
605 silly gunzTarPerm extractEntry cm/mode/gherkin/index.html
606 silly gunzTarPerm extractEntry cm/mode/go/go.js
607 silly gunzTarPerm extractEntry cm/mode/go/index.html
608 silly gunzTarPerm extractEntry cm/mode/groovy/groovy.js
609 silly gunzTarPerm extractEntry cm/mode/groovy/index.html
610 silly gunzTarPerm extractEntry cm/mode/haml/haml.js
611 silly gunzTarPerm extractEntry cm/mode/haml/test.js
612 silly gunzTarPerm extractEntry cm/mode/haml/index.html
613 silly gunzTarPerm extractEntry cm/mode/haskell/haskell.js
614 silly gunzTarPerm extractEntry cm/mode/haskell/index.html
615 silly gunzTarPerm extractEntry cm/mode/haxe/haxe.js
616 silly gunzTarPerm extractEntry cm/mode/haxe/index.html
617 silly gunzTarPerm extractEntry cm/mode/htmlembedded/htmlembedded.js
618 silly gunzTarPerm extractEntry cm/mode/htmlembedded/index.html
619 silly gunzTarPerm extractEntry cm/mode/htmlmixed/htmlmixed.js
620 silly gunzTarPerm extractEntry cm/mode/htmlmixed/index.html
621 silly gunzTarPerm extractEntry cm/mode/http/http.js
622 silly gunzTarPerm extractEntry cm/mode/http/index.html
623 silly gunzTarPerm extractEntry cm/mode/index.html
624 silly gunzTarPerm extractEntry cm/mode/jade/jade.js
625 silly gunzTarPerm extractEntry cm/mode/jade/index.html
626 silly gunzTarPerm extractEntry cm/mode/javascript/javascript.js
627 silly gunzTarPerm extractEntry cm/mode/javascript/test.js
628 silly gunzTarPerm extractEntry cm/mode/javascript/index.html
629 silly gunzTarPerm extractEntry cm/mode/javascript/json-ld.html
630 silly gunzTarPerm extractEntry cm/mode/javascript/typescript.html
631 silly gunzTarPerm extractEntry cm/mode/jinja2/jinja2.js
632 silly gunzTarPerm extractEntry cm/mode/jinja2/index.html
633 silly gunzTarPerm extractEntry cm/mode/julia/julia.js
634 silly gunzTarPerm extractEntry cm/mode/julia/index.html
635 silly gunzTarPerm extractEntry cm/mode/livescript/livescript.js
636 silly gunzTarPerm extractEntry cm/mode/livescript/index.html
637 silly gunzTarPerm extractEntry cm/mode/livescript/livescript.ls
638 silly gunzTarPerm extractEntry cm/mode/lua/lua.js
639 silly gunzTarPerm extractEntry cm/mode/lua/index.html
640 silly gunzTarPerm extractEntry cm/mode/markdown/markdown.js
641 silly gunzTarPerm extractEntry cm/mode/markdown/test.js
642 silly gunzTarPerm extractEntry cm/mode/markdown/index.html
643 silly gunzTarPerm extractEntry cm/mode/apl/apl.js
644 silly gunzTarPerm extractEntry cm/mode/apl/index.html
645 silly gunzTarPerm extractEntry cm/mode/mirc/mirc.js
646 silly gunzTarPerm extractEntry cm/mode/mirc/index.html
647 silly gunzTarPerm extractEntry cm/mode/mllike/mllike.js
648 silly gunzTarPerm extractEntry cm/mode/mllike/index.html
649 silly gunzTarPerm extractEntry cm/mode/nginx/nginx.js
650 silly gunzTarPerm extractEntry cm/mode/nginx/index.html
651 silly gunzTarPerm extractEntry cm/mode/ntriples/ntriples.js
652 silly gunzTarPerm extractEntry cm/mode/ntriples/index.html
653 silly gunzTarPerm extractEntry cm/mode/asterisk/asterisk.js
654 silly gunzTarPerm extractEntry cm/mode/asterisk/index.html
655 silly gunzTarPerm extractEntry cm/mode/pascal/pascal.js
656 silly gunzTarPerm extractEntry cm/mode/pascal/index.html
657 silly gunzTarPerm extractEntry cm/mode/pegjs/pegjs.js
658 silly gunzTarPerm extractEntry cm/mode/pegjs/index.html
659 silly gunzTarPerm extractEntry cm/mode/perl/perl.js
660 silly gunzTarPerm extractEntry cm/mode/perl/index.html
661 silly gunzTarPerm extractEntry cm/mode/php/php.js
662 silly gunzTarPerm extractEntry cm/mode/php/index.html
663 silly gunzTarPerm extractEntry cm/mode/pig/pig.js
664 silly gunzTarPerm extractEntry cm/mode/pig/index.html
665 silly gunzTarPerm extractEntry cm/mode/properties/properties.js
666 silly gunzTarPerm extractEntry cm/mode/properties/index.html
667 silly gunzTarPerm extractEntry cm/mode/puppet/puppet.js
668 silly gunzTarPerm extractEntry cm/mode/puppet/index.html
669 silly gunzTarPerm extractEntry cm/mode/python/python.js
670 silly gunzTarPerm extractEntry cm/mode/python/index.html
671 silly gunzTarPerm extractEntry cm/mode/q/q.js
672 silly gunzTarPerm extractEntry cm/mode/q/index.html
673 silly gunzTarPerm extractEntry cm/mode/r/r.js
674 silly gunzTarPerm extractEntry cm/mode/r/index.html
675 silly gunzTarPerm extractEntry cm/mode/rpm/rpm.js
676 silly gunzTarPerm extractEntry cm/mode/rpm/changes/index.html
677 silly gunzTarPerm extractEntry cm/mode/rpm/index.html
678 silly gunzTarPerm extractEntry cm/mode/rst/rst.js
679 silly gunzTarPerm extractEntry cm/mode/rst/index.html
680 silly gunzTarPerm extractEntry cm/mode/ruby/ruby.js
681 silly gunzTarPerm extractEntry cm/mode/ruby/test.js
682 silly gunzTarPerm extractEntry cm/mode/ruby/index.html
683 silly gunzTarPerm extractEntry cm/mode/rust/rust.js
684 silly gunzTarPerm extractEntry cm/mode/rust/index.html
685 silly gunzTarPerm extractEntry cm/mode/sass/sass.js
686 silly gunzTarPerm extractEntry cm/mode/sass/index.html
687 silly gunzTarPerm extractEntry cm/mode/scheme/scheme.js
688 silly gunzTarPerm extractEntry cm/mode/scheme/index.html
689 silly gunzTarPerm extractEntry cm/mode/shell/shell.js
690 silly gunzTarPerm extractEntry cm/mode/shell/index.html
691 silly gunzTarPerm extractEntry cm/mode/sieve/sieve.js
692 silly gunzTarPerm extractEntry cm/mode/sieve/index.html
693 silly gunzTarPerm extractEntry cm/mode/smalltalk/smalltalk.js
694 silly gunzTarPerm extractEntry cm/mode/smalltalk/index.html
695 silly gunzTarPerm extractEntry cm/mode/smarty/smarty.js
696 silly gunzTarPerm extractEntry cm/mode/smarty/index.html
697 silly gunzTarPerm extractEntry cm/mode/smartymixed/smartymixed.js
698 silly gunzTarPerm extractEntry cm/mode/smartymixed/index.html
699 silly gunzTarPerm extractEntry cm/mode/solr/solr.js
700 silly gunzTarPerm extractEntry cm/mode/solr/index.html
701 silly gunzTarPerm extractEntry cm/mode/sparql/sparql.js
702 silly gunzTarPerm extractEntry cm/mode/sparql/index.html
703 silly gunzTarPerm extractEntry cm/mode/sql/sql.js
704 silly gunzTarPerm extractEntry cm/mode/sql/index.html
705 silly gunzTarPerm extractEntry cm/mode/stex/stex.js
706 silly gunzTarPerm extractEntry cm/mode/stex/test.js
707 silly gunzTarPerm extractEntry cm/mode/stex/index.html
708 silly gunzTarPerm extractEntry cm/mode/tcl/tcl.js
709 silly gunzTarPerm extractEntry cm/mode/tcl/index.html
710 silly gunzTarPerm extractEntry cm/mode/tiddlywiki/tiddlywiki.js
711 silly gunzTarPerm extractEntry cm/mode/tiddlywiki/index.html
712 silly gunzTarPerm extractEntry cm/mode/tiddlywiki/tiddlywiki.css
713 silly gunzTarPerm extractEntry cm/mode/tiki/tiki.js
714 silly gunzTarPerm extractEntry cm/mode/tiki/index.html
715 silly gunzTarPerm extractEntry cm/mode/tiki/tiki.css
716 silly gunzTarPerm extractEntry cm/mode/toml/toml.js
717 silly gunzTarPerm extractEntry cm/mode/toml/index.html
718 silly gunzTarPerm extractEntry cm/mode/turtle/turtle.js
719 silly gunzTarPerm extractEntry cm/mode/turtle/index.html
720 silly gunzTarPerm extractEntry cm/mode/vb/vb.js
721 silly gunzTarPerm extractEntry cm/mode/vb/index.html
722 silly gunzTarPerm extractEntry cm/mode/vbscript/vbscript.js
723 silly gunzTarPerm extractEntry cm/mode/vbscript/index.html
724 silly gunzTarPerm extractEntry cm/mode/velocity/velocity.js
725 silly gunzTarPerm extractEntry cm/mode/velocity/index.html
726 silly gunzTarPerm extractEntry cm/mode/verilog/verilog.js
727 silly gunzTarPerm extractEntry cm/mode/verilog/index.html
728 silly gunzTarPerm extractEntry cm/mode/xml/xml.js
729 silly gunzTarPerm extractEntry cm/mode/xml/index.html
730 silly gunzTarPerm extractEntry cm/mode/xquery/test.js
731 silly gunzTarPerm extractEntry cm/mode/xquery/xquery.js
732 silly gunzTarPerm extractEntry cm/mode/xquery/index.html
733 silly gunzTarPerm extractEntry cm/mode/yaml/yaml.js
734 silly gunzTarPerm extractEntry cm/mode/yaml/index.html
735 silly gunzTarPerm extractEntry cm/mode/z80/z80.js
736 silly gunzTarPerm extractEntry cm/mode/z80/index.html
737 silly gunzTarPerm extractEntry cm/CONTRIBUTING.md
738 silly gunzTarPerm extractEntry cm/test/comment_test.js
739 silly gunzTarPerm extractEntry cm/test/driver.js
740 silly gunzTarPerm extractEntry cm/test/emacs_test.js
741 silly gunzTarPerm extractEntry cm/test/test.js
742 silly gunzTarPerm extractEntry cm/test/sublime_test.js
743 silly gunzTarPerm extractEntry cm/test/search_test.js
744 silly gunzTarPerm extractEntry cm/test/doc_test.js
745 silly gunzTarPerm extractEntry cm/test/multi_test.js
746 silly gunzTarPerm extractEntry cm/test/phantom_driver.js
747 silly gunzTarPerm extractEntry cm/test/run.js
748 silly gunzTarPerm extractEntry cm/test/vim_test.js
749 silly gunzTarPerm extractEntry cm/test/mode_test.js
750 silly gunzTarPerm extractEntry cm/test/mode_test.css
751 silly gunzTarPerm extractEntry cm/test/lint/acorn.js
752 silly gunzTarPerm extractEntry cm/test/lint/lint.js
753 silly gunzTarPerm extractEntry cm/test/lint/walk.js
754 silly gunzTarPerm extractEntry cm/test/index.html
755 silly gunzTarPerm extractEntry cm/theme/midnight.css
756 silly gunzTarPerm extractEntry cm/theme/3024-day.css
757 silly gunzTarPerm extractEntry cm/theme/ambiance-mobile.css
758 silly gunzTarPerm extractEntry cm/theme/ambiance.css
759 silly gunzTarPerm extractEntry cm/theme/base16-dark.css
760 silly gunzTarPerm extractEntry cm/theme/base16-light.css
761 silly gunzTarPerm extractEntry cm/theme/blackboard.css
762 silly gunzTarPerm extractEntry cm/theme/cobalt.css
763 silly gunzTarPerm extractEntry cm/theme/eclipse.css
764 silly gunzTarPerm extractEntry cm/theme/elegant.css
765 silly gunzTarPerm extractEntry cm/theme/erlang-dark.css
766 silly gunzTarPerm extractEntry cm/theme/lesser-dark.css
767 silly gunzTarPerm extractEntry cm/theme/mbo.css
768 silly gunzTarPerm extractEntry cm/theme/mdn-like.css
769 silly gunzTarPerm extractEntry cm/theme/3024-night.css
770 silly gunzTarPerm extractEntry cm/theme/monokai.css
771 silly gunzTarPerm extractEntry cm/theme/neat.css
772 silly gunzTarPerm extractEntry cm/theme/night.css
773 silly gunzTarPerm extractEntry cm/theme/paraiso-dark.css
774 silly gunzTarPerm extractEntry cm/theme/paraiso-light.css
775 silly gunzTarPerm extractEntry cm/theme/pastel-on-dark.css
776 silly gunzTarPerm extractEntry cm/theme/rubyblue.css
777 silly gunzTarPerm extractEntry cm/theme/solarized.css
778 silly gunzTarPerm extractEntry cm/theme/the-matrix.css
779 silly gunzTarPerm extractEntry cm/theme/tomorrow-night-eighties.css
780 silly gunzTarPerm extractEntry cm/theme/twilight.css
781 silly gunzTarPerm extractEntry cm/theme/vibrant-ink.css
782 silly gunzTarPerm extractEntry cm/theme/xq-dark.css
783 silly gunzTarPerm extractEntry cm/theme/xq-light.css
784 silly gunzTarPerm extractEntry app.nw
785 silly gunzTarPerm extractEntry assets/normalize.css
786 silly gunzTarPerm extractEntry assets/octicons.woff
787 silly gunzTarPerm extractEntry assets/style.css
788 silly gunzTarPerm extractEntry assets/styles.css
789 silly gunzTarPerm extractEntry Gemfile.lock
790 silly gunzTarPerm extractEntry coffee/app.coffee
791 silly gunzTarPerm extractEntry Gemfile
792 silly gunzTarPerm extractEntry fonts/glyphicons-halflings-regular.eot
793 silly gunzTarPerm extractEntry fonts/glyphicons-halflings-regular.svg
794 silly gunzTarPerm extractEntry fonts/glyphicons-halflings-regular.ttf
795 silly gunzTarPerm extractEntry fonts/glyphicons-halflings-regular.woff
796 silly gunzTarPerm extractEntry fonts/octicons.woff
797 silly gunzTarPerm extractEntry index.html
798 silly gunzTarPerm extractEntry lib/folder_view.js
799 silly gunzTarPerm extractEntry lib/jquery-2.1.0.min.js
800 silly gunzTarPerm extractEntry lib/mime.js
801 silly gunzTarPerm extractEntry lib/address_bar.js2
802 silly gunzTarPerm extractEntry Makefile
803 silly gunzTarPerm extractEntry style/style.css
804 silly gunzTarPerm extractEntry style/styles.css
805 silly lockFile d874f84a--fdhuang-npm-lumia-0-1-2-package tar:///Users/fdhuang/.npm/lumia/0.1.2/package
806 silly lockFile d874f84a--fdhuang-npm-lumia-0-1-2-package tar:///Users/fdhuang/.npm/lumia/0.1.2/package
807 silly lockFile 9517fa8c-uang-npm-lumia-0-1-2-package-tgz tar:///Users/fdhuang/.npm/lumia/0.1.2/package.tgz
808 silly lockFile 9517fa8c-uang-npm-lumia-0-1-2-package-tgz tar:///Users/fdhuang/.npm/lumia/0.1.2/package.tgz
809 verbose chmod /Users/fdhuang/.npm/lumia/0.1.2/package.tgz 644
810 verbose chown /Users/fdhuang/.npm/lumia/0.1.2/package.tgz [ 501, 20 ]
811 silly lockFile 3a52ce78- .
812 silly lockFile 3a52ce78- .
813 silly publish { main: 'index.html',
813 silly publish   name: 'lumia',
813 silly publish   description: 'lumia editor for fun',
813 silly publish   version: '0.1.2',
813 silly publish   keywords: [ 'lumia', 'node-webkit' ],
813 silly publish   window:
813 silly publish    { title: 'lumia',
813 silly publish      toolbar: false,
813 silly publish      frame: true,
813 silly publish      width: 800,
813 silly publish      height: 600,
813 silly publish      position: 'mouse',
813 silly publish      min_width: 800,
813 silly publish      min_height: 600 },
813 silly publish   dependencies:
813 silly publish    { underscore: '~1.6.0',
813 silly publish      jquery: '~2.1.0',
813 silly publish      'coffee-script': '~1.7.1',
813 silly publish      backbone: '~1.1.2',
813 silly publish      string: '~1.8.0',
813 silly publish      shelljs: '~0.2.6',
813 silly publish      jade: '~1.3.1' },
813 silly publish   webkit: { plugin: true },
813 silly publish   author:
813 silly publish    { name: 'phodal',
813 silly publish      email: 'fdhuang@thoughtworks.com',
813 silly publish      url: 'http://www.phodal.com' },
813 silly publish   licenses: [ { type: 'MIT' } ],
813 silly publish   devDependencies: { 'coffee-script': '~1.7.1' },
813 silly publish   scripts: { test: 'lumia' },
813 silly publish   repository: { type: 'git', url: 'https://github.com/gmszone/lumia.git' },
813 silly publish   license: 'MIT',
813 silly publish   bugs: { url: 'https://github.com/gmszone/lumia/issues' },
813 silly publish   homepage: 'http://www.phodal.com/',
813 silly publish   readme: '###node webkit###\n\n\n\n[https://github.com/rogerwang/node-webkit](https://github.com/rogerwang/node-webkit)\n\n\n\n##Mac OS webkit##\n\nappApplicationalias~/.bash_profile\n\n    # alias to nw \n    alias nw="/Applications/node-webkit.app/Contents/MacOS/node-webkit"\n\n``source ~/.bash_profile``\n\n    nw app.nw',
813 silly publish   readmeFilename: 'README.md',
813 silly publish   _id: 'lumia@0.1.2',
813 silly publish   dist: { shasum: '124cbed7eb1cc926ba48a889c500d3efbe434574' },
813 silly publish   _from: '.' }
814 verbose url raw lumia
815 verbose url resolving [ 'https://registry.npmjs.org/', './lumia' ]
816 verbose url resolved https://registry.npmjs.org/lumia
817 info trying registry request attempt 1 at 16:32:40
818 http PUT https://registry.npmjs.org/lumia
819 http 504 https://registry.npmjs.org/lumia
820 verbose bad json <!DOCTYPE HTML PUBLIC "-//IETF//DTD HTML 2.0//EN">
820 verbose bad json <html><head>
820 verbose bad json <title>504 Gateway Timeout</title>
820 verbose bad json </head><body>
820 verbose bad json <h1>Gateway Timeout</h1>
820 verbose bad json <p>The gateway did not receive a timely response
820 verbose bad json from the upstream server or application.</p>
820 verbose bad json </body></html>
821 error registry error parsing json
822 info retry will retry, error on last attempt: SyntaxError: Unexpected token <
822 info retry <!DOCTYPE HTML PUBLIC "-//IETF//DTD HTML 2.0//EN">
822 info retry <html><head>
822 info retry <title>504 Gateway Timeout</title>
822 info retry </head><body>
822 info retry <h1>Gateway Timeout</h1>
822 info retry <p>The gateway did not receive a timely response
822 info retry from the upstream server or application.</p>
822 info retry </body></html>
823 info trying registry request attempt 2 at 16:34:31
824 http PUT https://registry.npmjs.org/lumia
825 http 504 https://registry.npmjs.org/lumia
826 verbose bad json <!DOCTYPE HTML PUBLIC "-//IETF//DTD HTML 2.0//EN">
826 verbose bad json <html><head>
826 verbose bad json <title>504 Gateway Timeout</title>
826 verbose bad json </head><body>
826 verbose bad json <h1>Gateway Timeout</h1>
826 verbose bad json <p>The gateway did not receive a timely response
826 verbose bad json from the upstream server or application.</p>
826 verbose bad json </body></html>
827 error registry error parsing json
828 info retry will retry, error on last attempt: SyntaxError: Unexpected token <
828 info retry <!DOCTYPE HTML PUBLIC "-//IETF//DTD HTML 2.0//EN">
828 info retry <html><head>
828 info retry <title>504 Gateway Timeout</title>
828 info retry </head><body>
828 info retry <h1>Gateway Timeout</h1>
828 info retry <p>The gateway did not receive a timely response
828 info retry from the upstream server or application.</p>
828 info retry </body></html>
829 info trying registry request attempt 3 at 16:37:42
830 http PUT https://registry.npmjs.org/lumia
831 http 504 https://registry.npmjs.org/lumia
832 verbose bad json <!DOCTYPE HTML PUBLIC "-//IETF//DTD HTML 2.0//EN">
832 verbose bad json <html><head>
832 verbose bad json <title>504 Gateway Timeout</title>
832 verbose bad json </head><body>
832 verbose bad json <h1>Gateway Timeout</h1>
832 verbose bad json <p>The gateway did not receive a timely response
832 verbose bad json from the upstream server or application.</p>
832 verbose bad json </body></html>
833 error registry error parsing json
834 error publish Failed PUT 504
835 error SyntaxError: Unexpected token <
835 error <!DOCTYPE HTML PUBLIC "-//IETF//DTD HTML 2.0//EN">
835 error <html><head>
835 error <title>504 Gateway Timeout</title>
835 error </head><body>
835 error <h1>Gateway Timeout</h1>
835 error <p>The gateway did not receive a timely response
835 error from the upstream server or application.</p>
835 error </body></html>
835 error
835 error     at Object.parse (native)
835 error     at RegClient.<anonymous> (/opt/local/lib/node_modules/npm/node_modules/npm-registry-client/lib/request.js:220:23)
835 error     at Request._callback (/opt/local/lib/node_modules/npm/node_modules/npm-registry-client/lib/request.js:192:65)
835 error     at Request.self.callback (/opt/local/lib/node_modules/npm/node_modules/request/request.js:123:22)
835 error     at Request.EventEmitter.emit (events.js:98:17)
835 error     at Request.<anonymous> (/opt/local/lib/node_modules/npm/node_modules/request/request.js:893:14)
835 error     at Request.EventEmitter.emit (events.js:117:20)
835 error     at IncomingMessage.<anonymous> (/opt/local/lib/node_modules/npm/node_modules/request/request.js:844:12)
835 error     at IncomingMessage.EventEmitter.emit (events.js:117:20)
835 error     at _stream_readable.js:920:16
836 error If you need help, you may report this *entire* log,
836 error including the npm and node versions, at:
836 error     <http://github.com/npm/npm/issues>
837 error System Darwin 13.1.0
838 error command "node" "/opt/local/bin/npm" "publish"
839 error cwd /Users/fdhuang/Desktop/editor
840 error node -v v0.10.26
841 error npm -v 1.4.6
842 error type unexpected_token
843 verbose exit [ 1, true ]
